<?xml version="1.0" encoding="UTF-8"?>
<testsuite name="github.actions.demo.java.AppTest" tests="1" skipped="0" failures="0" errors="0" timestamp="2020-11-20T22:22:00" hostname="scarlet" time="0.005">
  <properties/>
  <testcase name="appHasAGreeting" classname="github.actions.demo.java.AppTest" time="0.005"/>
  <system-out><![CDATA[]]></system-out>
  <system-err><![CDATA[]]></system-err>
</testsuite>
